Log started on 6/9/2025
Initialized local system at 18:4:33
Step Durations: 20,30,20,30,20,20,20
Nebulizer States: 0, 1, 0, 1, 0, 1, 0
Selected MCC 118 HAT device at address:0
Device in continous scan mode
Channels: 0, 1, 2,  
Requested Scan Rate: 1000 
Actual Scan Rate: 1000.0 
18:4:33:Recording Started
18:4:33:Recording Ended 
Data Recording Complete for a Duration of 0s
Final Data Frame Size:(0, 0)
Log started on 6/9/2025
Initialized local system at 18:4:33
Step Durations: 20,30,20,30,20,20,20
Nebulizer States: 0, 1, 0, 1, 0, 1, 0
Selected MCC 118 HAT device at address:0
Device in continous scan mode
Channels: 0, 1, 2,  
Requested Scan Rate: 1000 
Actual Scan Rate: 1000.0 
